<?xml version="1.0" encoding="UTF-8"?>
<!-- Generated by org.testng.reporters.JUnitXMLReporter -->
<testsuite hostname="Amiruls-MacBook-Pro.local" ignored="2" name="Test" tests="4" failures="1" timestamp="2022-07-14T19:40:43 BDT" time="269.992" errors="0">
  <testcase name="registration" time="29.733" classname="TastCasePackageAdvance.T001_CreateNewAccount"/>
  <testcase name="registration" time="17.395" classname="TastCasePackageAdvance.T001_CreateNewAccount">
    <failure type="java.lang.AssertionError" message="expected:&amp;lt;&amp;gt; but was:&amp;lt;YOUR PERSONAL INFORMATION&amp;gt;">
      <![CDATA[java.lang.AssertionError: expected:<> but was:<YOUR PERSONAL INFORMATION>
at TastCasePackageAdvance.T001_CreateNewAccount.registration(T001_CreateNewAccount.java:48)
at java.util.ArrayList.forEach(ArrayList.java:1259)
... Removed 29 stack frames]]>
    </failure>
  </testcase> <!-- registration -->
  <testcase name="loginAndPurchase" time="78.64" classname="TastCasePackageAdvance.T002_Login_And_Purchase"/>
  <testcase name="loginAndPurchase" time="69.997" classname="TastCasePackageAdvance.T002_Login_And_Purchase"/>
  <testcase name="@AfterSuite tearDown" time="0.0" classname="driverPackage.BaseDriver">
    <ignored/>
  </testcase> <!-- @AfterSuite tearDown -->
  <testcase name="@BeforeSuite setUp" time="0.0" classname="driverPackage.BaseDriver">
    <ignored/>
  </testcase> <!-- @BeforeSuite setUp -->
</testsuite> <!-- Test -->
