<?xml version="1.0" encoding="UTF-8"?>
<testng-results skipped="0" failed="1" ignored="2" total="6" passed="3">
  <reporter-output>
  </reporter-output>
  <suite name="Suite" duration-ms="269992" started-at="2022-07-14T19:36:08 BDT" finished-at="2022-07-14T19:40:38 BDT">
    <groups>
    </groups>
    <test name="Test" duration-ms="269992" started-at="2022-07-14T19:36:08 BDT" finished-at="2022-07-14T19:40:38 BDT">
      <class name="TastCasePackageAdvance.T002_Login_And_Purchase">
        <test-method status="PASS" signature="setUp()[pri:0, instance:TastCasePackageAdvance.T002_Login_And_Purchase@4567f35d]" name="setUp" is-config="true" duration-ms="18023" started-at="2022-07-14T19:37:30 BDT" finished-at="2022-07-14T19:37:48 BDT">
          <reporter-output>
          </reporter-output>
        </test-method> <!-- setUp -->
        <test-method status="PASS" signature="loginAndPurchase(java.lang.String,java.lang.String,java.lang.String)[pri:0, instance:TastCasePackageAdvance.T002_Login_And_Purchase@4567f35d]" name="loginAndPurchase" duration-ms="78640" started-at="2022-07-14T19:37:48 BDT" description="Perform Login, Purchase, and Logout" data-provider="userInfo" finished-at="2022-07-14T19:39:07 BDT">
          <params>
            <param index="0">
              <value>
                <![CDATA[johnKanir@gmalla.com]]>
              </value>
            </param>
            <param index="1">
              <value>
                <![CDATA[testpass123@]]>
              </value>
            </param>
            <param index="2">
              <value>
                <![CDATA[Call before knock the door]]>
              </value>
            </param>
          </params>
          <reporter-output>
          </reporter-output>
        </test-method> <!-- loginAndPurchase -->
        <test-method status="PASS" signature="tearDown()[pri:0, instance:TastCasePackageAdvance.T002_Login_And_Purchase@4567f35d]" name="tearDown" is-config="true" duration-ms="164" started-at="2022-07-14T19:39:07 BDT" finished-at="2022-07-14T19:39:07 BDT">
          <reporter-output>
          </reporter-output>
        </test-method> <!-- tearDown -->
        <test-method status="PASS" signature="setUp()[pri:0, instance:TastCasePackageAdvance.T002_Login_And_Purchase@4567f35d]" name="setUp" is-config="true" duration-ms="20736" started-at="2022-07-14T19:39:07 BDT" finished-at="2022-07-14T19:39:27 BDT">
          <reporter-output>
          </reporter-output>
        </test-method> <!-- setUp -->
        <test-method status="PASS" signature="loginAndPurchase(java.lang.String,java.lang.String,java.lang.String)[pri:0, instance:TastCasePackageAdvance.T002_Login_And_Purchase@4567f35d]" name="loginAndPurchase" duration-ms="69997" started-at="2022-07-14T19:39:27 BDT" description="Perform Login, Purchase, and Logout" data-provider="userInfo" finished-at="2022-07-14T19:40:37 BDT">
          <params>
            <param index="0">
              <value>
                <![CDATA[jacyjane@dffda.com]]>
              </value>
            </param>
            <param index="1">
              <value>
                <![CDATA[@testpass123]]>
              </value>
            </param>
            <param index="2">
              <value>
                <![CDATA[Be aware about dog]]>
              </value>
            </param>
          </params>
          <reporter-output>
          </reporter-output>
        </test-method> <!-- loginAndPurchase -->
        <test-method status="PASS" signature="tearDown()[pri:0, instance:TastCasePackageAdvance.T002_Login_And_Purchase@4567f35d]" name="tearDown" is-config="true" duration-ms="158" started-at="2022-07-14T19:40:37 BDT" finished-at="2022-07-14T19:40:38 BDT">
          <reporter-output>
          </reporter-output>
        </test-method> <!-- tearDown -->
      </class> <!-- TastCasePackageAdvance.T002_Login_And_Purchase -->
      <class name="TastCasePackageAdvance.T001_CreateNewAccount">
        <test-method status="PASS" signature="setUp()[pri:0, instance:TastCasePackageAdvance.T001_CreateNewAccount@3bb9a3ff]" name="setUp" is-config="true" duration-ms="25852" started-at="2022-07-14T19:35:42 BDT" finished-at="2022-07-14T19:36:08 BDT">
          <reporter-output>
          </reporter-output>
        </test-method> <!-- setUp -->
        <test-method status="PASS" signature="setUp()[pri:0, instance:TastCasePackageAdvance.T001_CreateNewAccount@3bb9a3ff]" name="setUp" is-config="true" duration-ms="15218" started-at="2022-07-14T19:36:08 BDT" finished-at="2022-07-14T19:36:23 BDT">
          <reporter-output>
          </reporter-output>
        </test-method> <!-- setUp -->
        <test-method status="PASS" signature="registration(java.lang.String,java.lang.String,java.lang.String,java.lang.String,java.lang.String,java.lang.String,java.lang.String,java.lang.String,java.lang.String,java.lang.String,java.lang.String,java.lang.String,java.lang.String,java.lang.String,java.lang.String,java.lang.String,java.lang.String,java.lang.String)[pri:0, instance:TastCasePackageAdvance.T001_CreateNewAccount@3bb9a3ff]" name="registration" duration-ms="29733" started-at="2022-07-14T19:36:23 BDT" description="Perform registration process for new users and Sign Out" data-provider="registrationData" finished-at="2022-07-14T19:36:53 BDT">
          <params>
            <param index="0">
              <value>
                <![CDATA[johnKa@gmalla.com]]>
              </value>
            </param>
            <param index="1">
              <value>
                <![CDATA[John]]>
              </value>
            </param>
            <param index="2">
              <value>
                <![CDATA[Kanir]]>
              </value>
            </param>
            <param index="3">
              <value>
                <![CDATA[testpass123@]]>
              </value>
            </param>
            <param index="4">
              <value>
                <![CDATA[12]]>
              </value>
            </param>
            <param index="5">
              <value>
                <![CDATA[7]]>
              </value>
            </param>
            <param index="6">
              <value>
                <![CDATA[2000]]>
              </value>
            </param>
            <param index="7">
              <value>
                <![CDATA[AdventureSports]]>
              </value>
            </param>
            <param index="8">
              <value>
                <![CDATA[87 Nickel Road]]>
              </value>
            </param>
            <param index="9">
              <value>
                <![CDATA[2661 Kennedy Court]]>
              </value>
            </param>
            <param index="10">
              <value>
                <![CDATA[Kentucky]]>
              </value>
            </param>
            <param index="11">
              <value>
                <![CDATA[6]]>
              </value>
            </param>
            <param index="12">
              <value>
                <![CDATA[41002]]>
              </value>
            </param>
            <param index="13">
              <value>
                <![CDATA[21]]>
              </value>
            </param>
            <param index="14">
              <value>
                <![CDATA[Take first left after Jr. school]]>
              </value>
            </param>
            <param index="15">
              <value>
                <![CDATA[774-280-5944]]>
              </value>
            </param>
            <param index="16">
              <value>
                <![CDATA[606-402-2834]]>
              </value>
            </param>
            <param index="17">
              <value>
                <![CDATA[ My address]]>
              </value>
            </param>
          </params>
          <reporter-output>
          </reporter-output>
        </test-method> <!-- registration -->
        <test-method status="PASS" signature="tearDown()[pri:0, instance:TastCasePackageAdvance.T001_CreateNewAccount@3bb9a3ff]" name="tearDown" is-config="true" duration-ms="223" started-at="2022-07-14T19:36:53 BDT" finished-at="2022-07-14T19:36:53 BDT">
          <reporter-output>
          </reporter-output>
        </test-method> <!-- tearDown -->
        <test-method status="PASS" signature="setUp()[pri:0, instance:TastCasePackageAdvance.T001_CreateNewAccount@3bb9a3ff]" name="setUp" is-config="true" duration-ms="19232" started-at="2022-07-14T19:36:53 BDT" finished-at="2022-07-14T19:37:12 BDT">
          <reporter-output>
          </reporter-output>
        </test-method> <!-- setUp -->
        <test-method status="FAIL" signature="registration(java.lang.String,java.lang.String,java.lang.String,java.lang.String,java.lang.String,java.lang.String,java.lang.String,java.lang.String,java.lang.String,java.lang.String,java.lang.String,java.lang.String,java.lang.String,java.lang.String,java.lang.String,java.lang.String,java.lang.String,java.lang.String)[pri:0, instance:TastCasePackageAdvance.T001_CreateNewAccount@3bb9a3ff]" name="registration" duration-ms="17395" started-at="2022-07-14T19:37:12 BDT" description="Perform registration process for new users and Sign Out" data-provider="registrationData" finished-at="2022-07-14T19:37:30 BDT">
          <params>
            <param index="0">
              <value>
                <![CDATA[jacyj@dffda.com]]>
              </value>
            </param>
            <param index="1">
              <value>
                <![CDATA[Jacy]]>
              </value>
            </param>
            <param index="2">
              <value>
                <![CDATA[Jane]]>
              </value>
            </param>
            <param index="3">
              <value>
                <![CDATA[@testpass123]]>
              </value>
            </param>
            <param index="4">
              <value>
                <![CDATA[28]]>
              </value>
            </param>
            <param index="5">
              <value>
                <![CDATA[5]]>
              </value>
            </param>
            <param index="6">
              <value>
                <![CDATA[1990]]>
              </value>
            </param>
            <param index="7">
              <value>
                <![CDATA[Market Basket]]>
              </value>
            </param>
            <param index="8">
              <value>
                <![CDATA[2358 Barfield Lane]]>
              </value>
            </param>
            <param index="9">
              <value>
                <![CDATA[Indianapolis]]>
              </value>
            </param>
            <param index="10">
              <value>
                <![CDATA[Indiana]]>
              </value>
            </param>
            <param index="11">
              <value>
                <![CDATA[12]]>
              </value>
            </param>
            <param index="12">
              <value>
                <![CDATA[55555]]>
              </value>
            </param>
            <param index="13">
              <value>
                <![CDATA[21]]>
              </value>
            </param>
            <param index="14">
              <value>
                <![CDATA[Take first Right after KFC]]>
              </value>
            </param>
            <param index="15">
              <value>
                <![CDATA[317-529-7499]]>
              </value>
            </param>
            <param index="16">
              <value>
                <![CDATA[317-425-8779]]>
              </value>
            </param>
            <param index="17">
              <value>
                <![CDATA[ My address]]>
              </value>
            </param>
          </params>
          <exception class="java.lang.AssertionError">
            <message>
              <![CDATA[expected:<> but was:<YOUR PERSONAL INFORMATION>]]>
            </message>
            <full-stacktrace>
              <![CDATA[java.lang.AssertionError: expected:<> but was:<YOUR PERSONAL INFORMATION>
at org.testng.AssertJUnit.assertEquals(AssertJUnit.java:115)
at org.testng.AssertJUnit.assertEquals(AssertJUnit.java:125)
at TastCasePackageAdvance.T001_CreateNewAccount.registration(T001_CreateNewAccount.java:48)
at sun.reflect.NativeMethodAccessorImpl.invoke0(Native Method)
at sun.reflect.NativeMethodAccessorImpl.invoke(NativeMethodAccessorImpl.java:62)
at sun.reflect.DelegatingMethodAccessorImpl.invoke(DelegatingMethodAccessorImpl.java:43)
at java.lang.reflect.Method.invoke(Method.java:498)
at org.testng.internal.MethodInvocationHelper.invokeMethod(MethodInvocationHelper.java:133)
at org.testng.internal.TestInvoker.invokeMethod(TestInvoker.java:598)
at org.testng.internal.TestInvoker.invokeTestMethod(TestInvoker.java:173)
at org.testng.internal.MethodRunner.runInSequence(MethodRunner.java:46)
at org.testng.internal.TestInvoker$MethodInvocationAgent.invoke(TestInvoker.java:824)
at org.testng.internal.TestInvoker.invokeTestMethods(TestInvoker.java:146)
at org.testng.internal.TestMethodWorker.invokeTestMethods(TestMethodWorker.java:146)
at org.testng.internal.TestMethodWorker.run(TestMethodWorker.java:128)
at java.util.ArrayList.forEach(ArrayList.java:1259)
at org.testng.TestRunner.privateRun(TestRunner.java:794)
at org.testng.TestRunner.run(TestRunner.java:596)
at org.testng.SuiteRunner.runTest(SuiteRunner.java:377)
at org.testng.SuiteRunner.runSequentially(SuiteRunner.java:371)
at org.testng.SuiteRunner.privateRun(SuiteRunner.java:332)
at org.testng.SuiteRunner.run(SuiteRunner.java:276)
at org.testng.SuiteRunnerWorker.runSuite(SuiteRunnerWorker.java:53)
at org.testng.SuiteRunnerWorker.run(SuiteRunnerWorker.java:96)
at org.testng.TestNG.runSuitesSequentially(TestNG.java:1212)
at org.testng.TestNG.runSuitesLocally(TestNG.java:1134)
at org.testng.TestNG.runSuites(TestNG.java:1063)
at org.testng.TestNG.run(TestNG.java:1031)
at org.testng.remote.AbstractRemoteTestNG.run(AbstractRemoteTestNG.java:115)
at org.testng.remote.RemoteTestNG.initAndRun(RemoteTestNG.java:251)
at org.testng.remote.RemoteTestNG.main(RemoteTestNG.java:77)
]]>
            </full-stacktrace>
          </exception> <!-- java.lang.AssertionError -->
          <reporter-output>
          </reporter-output>
        </test-method> <!-- registration -->
        <test-method status="PASS" signature="tearDown()[pri:0, instance:TastCasePackageAdvance.T001_CreateNewAccount@3bb9a3ff]" name="tearDown" is-config="true" duration-ms="164" started-at="2022-07-14T19:37:30 BDT" finished-at="2022-07-14T19:37:30 BDT">
          <reporter-output>
          </reporter-output>
        </test-method> <!-- tearDown -->
        <test-method status="PASS" signature="tearDown()[pri:0, instance:TastCasePackageAdvance.T001_CreateNewAccount@3bb9a3ff]" name="tearDown" is-config="true" duration-ms="1" started-at="2022-07-14T19:40:43 BDT" finished-at="2022-07-14T19:40:43 BDT">
          <reporter-output>
          </reporter-output>
        </test-method> <!-- tearDown -->
      </class> <!-- TastCasePackageAdvance.T001_CreateNewAccount -->
    </test> <!-- Test -->
  </suite> <!-- Suite -->
</testng-results>
